{
"contracts/Auction.sol":{"l":{"15":4,"19":3,"23":27,"24":26,"28":3,"29":2,"33":1,"34":1,"38":26,"42":25,"47":24,"50":13,"53":24,"54":24,"55":24,"57":24,"61":2,"62":2},"path":"/home/jeevan/vlinder/testing/contracts/Auction.sol","s":{"1":4,"2":27,"3":3,"4":26,"5":25,"6":24,"7":13,"8":24,"9":2,"10":2},"b":{"1":[3,1],"2":[26,1],"3":[2,1],"4":[26,1],"5":[25,1],"6":[24,1],"7":[13,11],"8":[3,1],"9":[2,1]},"f":{"1":4,"2":27,"3":3,"4":1,"5":26,"6":2},"fnMap":{"1":{"name":"onlyAuctioneer","line":14,"loc":{"start":{"line":14,"column":4},"end":{"line":20,"column":4}}},"2":{"name":"onlyBeforeEnd","line":22,"loc":{"start":{"line":22,"column":4},"end":{"line":25,"column":4}}},"3":{"name":"onlyAfterEnd","line":27,"loc":{"start":{"line":27,"column":4},"end":{"line":30,"column":4}}},"4":{"name":"constructor","line":32,"loc":{"start":{"line":32,"column":4},"end":{"line":35,"column":4}}},"5":{"name":"placeBid","line":37,"loc":{"start":{"line":37,"column":4},"end":{"line":58,"column":4}}},"6":{"name":"endAuction","line":60,"loc":{"start":{"line":60,"column":4},"end":{"line":63,"column":4}}}},"statementMap":{"1":{"start":{"line":15,"column":8},"end":{"line":15,"column":413}},"2":{"start":{"line":23,"column":8},"end":{"line":23,"column":62}},"3":{"start":{"line":28,"column":8},"end":{"line":28,"column":67}},"4":{"start":{"line":38,"column":8},"end":{"line":38,"column":979}},"5":{"start":{"line":42,"column":8},"end":{"line":42,"column":1108}},"6":{"start":{"line":47,"column":8},"end":{"line":47,"column":1227}},"7":{"start":{"line":50,"column":12},"end":{"line":50,"column":54}},"8":{"start":{"line":57,"column":8},"end":{"line":57,"column":45}},"9":{"start":{"line":61,"column":8},"end":{"line":61,"column":58}},"10":{"start":{"line":62,"column":8},"end":{"line":62,"column":52}}},"branchMap":{"1":{"line":15,"type":"if","locations":[{"start":{"line":15,"column":8},"end":{"line":15,"column":8}},{"start":{"line":15,"column":8},"end":{"line":15,"column":8}}]},"2":{"line":23,"type":"if","locations":[{"start":{"line":23,"column":8},"end":{"line":23,"column":8}},{"start":{"line":23,"column":8},"end":{"line":23,"column":8}}]},"3":{"line":28,"type":"if","locations":[{"start":{"line":28,"column":8},"end":{"line":28,"column":8}},{"start":{"line":28,"column":8},"end":{"line":28,"column":8}}]},"4":{"line":37,"type":"if","locations":[{"start":{"line":37,"column":41},"end":{"line":37,"column":41}},{"start":{"line":37,"column":41},"end":{"line":37,"column":41}}]},"5":{"line":38,"type":"if","locations":[{"start":{"line":38,"column":8},"end":{"line":38,"column":8}},{"start":{"line":38,"column":8},"end":{"line":38,"column":8}}]},"6":{"line":42,"type":"if","locations":[{"start":{"line":42,"column":8},"end":{"line":42,"column":8}},{"start":{"line":42,"column":8},"end":{"line":42,"column":8}}]},"7":{"line":47,"type":"if","locations":[{"start":{"line":47,"column":8},"end":{"line":47,"column":8}},{"start":{"line":47,"column":8},"end":{"line":47,"column":8}}]},"8":{"line":60,"type":"if","locations":[{"start":{"line":60,"column":35},"end":{"line":60,"column":35}},{"start":{"line":60,"column":35},"end":{"line":60,"column":35}}]},"9":{"line":60,"type":"if","locations":[{"start":{"line":60,"column":50},"end":{"line":60,"column":50}},{"start":{"line":60,"column":50},"end":{"line":60,"column":50}}]}}},
"contracts/fundMe.sol":{"l":{"26":1,"27":1,"32":2,"33":1,"44":6,"46":5,"47":5,"50":3,"54":1,"66":1,"67":1,"68":1,"70":1,"77":1,"78":1,"81":0,"82":0,"83":0,"84":0,"87":0,"88":0,"89":0},"path":"/home/jeevan/vlinder/testing/contracts/fundMe.sol","s":{"1":2,"2":6,"3":5,"4":3,"5":1,"6":1,"7":1,"8":1,"9":1,"10":0,"11":0,"12":0,"13":0,"14":0},"b":{"1":[1,1],"2":[5,1],"3":[1,1],"4":[1,0],"5":[0,0],"6":[0,0]},"f":{"1":1,"2":2,"3":0,"4":6,"5":3,"6":1,"7":1,"8":0},"fnMap":{"1":{"name":"constructor","line":25,"loc":{"start":{"line":25,"column":4},"end":{"line":28,"column":4}}},"2":{"name":"onlyOwner","line":30,"loc":{"start":{"line":30,"column":5},"end":{"line":34,"column":4}}},"3":{"name":null,"line":35,"loc":{"start":{"line":35,"column":4},"end":{"line":37,"column":4}}},"4":{"name":"fund","line":43,"loc":{"start":{"line":43,"column":4},"end":{"line":48,"column":4}}},"5":{"name":"getLength","line":49,"loc":{"start":{"line":49,"column":4},"end":{"line":51,"column":4}}},"6":{"name":"getFundAmount","line":53,"loc":{"start":{"line":53,"column":4},"end":{"line":55,"column":4}}},"7":{"name":"withdraw","line":65,"loc":{"start":{"line":65,"column":4},"end":{"line":79,"column":4}}},"8":{"name":"cheaper_withdraw","line":80,"loc":{"start":{"line":80,"column":4},"end":{"line":90,"column":4}}}},"statementMap":{"1":{"start":{"line":32,"column":8},"end":{"line":32,"column":60}},"2":{"start":{"line":44,"column":8},"end":{"line":44,"column":102}},"3":{"start":{"line":47,"column":8},"end":{"line":47,"column":33}},"4":{"start":{"line":50,"column":8},"end":{"line":50,"column":31}},"5":{"start":{"line":54,"column":8},"end":{"line":54,"column":46}},"6":{"start":{"line":66,"column":8},"end":{"line":66,"column":2049}},"7":{"start":{"line":67,"column":12},"end":{"line":67,"column":51}},"8":{"start":{"line":77,"column":8},"end":{"line":77,"column":89}},"9":{"start":{"line":78,"column":8},"end":{"line":78,"column":42}},"10":{"start":{"line":81,"column":8},"end":{"line":81,"column":42}},"11":{"start":{"line":82,"column":8},"end":{"line":82,"column":2768}},"12":{"start":{"line":83,"column":12},"end":{"line":83,"column":49}},"13":{"start":{"line":88,"column":8},"end":{"line":88,"column":89}},"14":{"start":{"line":89,"column":8},"end":{"line":89,"column":42}}},"branchMap":{"1":{"line":32,"type":"if","locations":[{"start":{"line":32,"column":8},"end":{"line":32,"column":8}},{"start":{"line":32,"column":8},"end":{"line":32,"column":8}}]},"2":{"line":44,"type":"if","locations":[{"start":{"line":44,"column":8},"end":{"line":44,"column":8}},{"start":{"line":44,"column":8},"end":{"line":44,"column":8}}]},"3":{"line":65,"type":"if","locations":[{"start":{"line":65,"column":31},"end":{"line":65,"column":31}},{"start":{"line":65,"column":31},"end":{"line":65,"column":31}}]},"4":{"line":78,"type":"if","locations":[{"start":{"line":78,"column":8},"end":{"line":78,"column":8}},{"start":{"line":78,"column":8},"end":{"line":78,"column":8}}]},"5":{"line":80,"type":"if","locations":[{"start":{"line":80,"column":39},"end":{"line":80,"column":39}},{"start":{"line":80,"column":39},"end":{"line":80,"column":39}}]},"6":{"line":89,"type":"if","locations":[{"start":{"line":89,"column":8},"end":{"line":89,"column":8}},{"start":{"line":89,"column":8},"end":{"line":89,"column":8}}]}}},
"contracts/Lock.sol":{"l":{"14":2,"19":1,"20":1,"27":5,"28":4,"30":3,"32":3},"path":"/home/jeevan/vlinder/testing/contracts/Lock.sol","s":{"1":2,"2":5,"3":4,"4":3,"5":3},"b":{"1":[1,1],"2":[4,1],"3":[3,1]},"f":{"1":2,"2":5},"fnMap":{"1":{"name":"constructor","line":13,"loc":{"start":{"line":13,"column":4},"end":{"line":21,"column":4}}},"2":{"name":"withdraw","line":23,"loc":{"start":{"line":23,"column":4},"end":{"line":33,"column":4}}}},"statementMap":{"1":{"start":{"line":14,"column":8},"end":{"line":14,"column":327}},"2":{"start":{"line":27,"column":8},"end":{"line":27,"column":71}},"3":{"start":{"line":28,"column":8},"end":{"line":28,"column":59}},"4":{"start":{"line":30,"column":8},"end":{"line":30,"column":63}},"5":{"start":{"line":32,"column":8},"end":{"line":32,"column":44}}},"branchMap":{"1":{"line":14,"type":"if","locations":[{"start":{"line":14,"column":8},"end":{"line":14,"column":8}},{"start":{"line":14,"column":8},"end":{"line":14,"column":8}}]},"2":{"line":27,"type":"if","locations":[{"start":{"line":27,"column":8},"end":{"line":27,"column":8}},{"start":{"line":27,"column":8},"end":{"line":27,"column":8}}]},"3":{"line":28,"type":"if","locations":[{"start":{"line":28,"column":8},"end":{"line":28,"column":8}},{"start":{"line":28,"column":8},"end":{"line":28,"column":8}}]}}},
"contracts/PriceConverter.sol":{"l":{"18":6,"20":6,"30":6,"31":6,"35":6},"path":"/home/jeevan/vlinder/testing/contracts/PriceConverter.sol","s":{"1":6,"2":6,"3":6,"4":6,"5":6},"b":{},"f":{"1":6,"2":6},"fnMap":{"1":{"name":"getPrice","line":10,"loc":{"start":{"line":10,"column":4},"end":{"line":23,"column":4}}},"2":{"name":"getConversionRate","line":26,"loc":{"start":{"line":26,"column":4},"end":{"line":36,"column":4}}}},"statementMap":{"1":{"start":{"line":18,"column":8},"end":{"line":18,"column":61}},"2":{"start":{"line":20,"column":8},"end":{"line":20,"column":44}},"3":{"start":{"line":30,"column":8},"end":{"line":30,"column":46}},"4":{"start":{"line":31,"column":8},"end":{"line":31,"column":77}},"5":{"start":{"line":35,"column":8},"end":{"line":35,"column":29}}},"branchMap":{}},
"contracts/SimpleStorage.sol":{"l":{"22":1,"28":1,"29":1,"33":1,"34":1,"38":1,"42":4,"43":4,"47":1},"path":"/home/jeevan/vlinder/testing/contracts/SimpleStorage.sol","s":{"1":1,"2":1,"3":1,"4":1,"5":1,"6":4,"7":1},"b":{},"f":{"1":1,"2":1,"3":1,"4":1,"5":4,"6":1},"fnMap":{"1":{"name":"store","line":21,"loc":{"start":{"line":21,"column":4},"end":{"line":23,"column":4}}},"2":{"name":"retrieveperson","line":25,"loc":{"start":{"line":25,"column":4},"end":{"line":30,"column":4}}},"3":{"name":"retrievenumber","line":32,"loc":{"start":{"line":32,"column":4},"end":{"line":35,"column":4}}},"4":{"name":"retrieve","line":37,"loc":{"start":{"line":37,"column":4},"end":{"line":39,"column":4}}},"5":{"name":"addPerson","line":41,"loc":{"start":{"line":41,"column":4},"end":{"line":44,"column":4}}},"6":{"name":"getLength","line":46,"loc":{"start":{"line":46,"column":4},"end":{"line":48,"column":4}}}},"statementMap":{"1":{"start":{"line":28,"column":8},"end":{"line":28,"column":48}},"2":{"start":{"line":29,"column":8},"end":{"line":29,"column":19}},"3":{"start":{"line":33,"column":8},"end":{"line":33,"column":51}},"4":{"start":{"line":34,"column":8},"end":{"line":34,"column":18}},"5":{"start":{"line":38,"column":8},"end":{"line":38,"column":29}},"6":{"start":{"line":42,"column":8},"end":{"line":42,"column":50}},"7":{"start":{"line":47,"column":8},"end":{"line":47,"column":28}}},"branchMap":{}},
"contracts/test/MockV3Aggregator.sol":{"l":{},"path":"/home/jeevan/vlinder/testing/contracts/test/MockV3Aggregator.sol","s":{},"b":{},"f":{},"fnMap":{},"statementMap":{},"branchMap":{}},
"contracts/Token.sol":{"l":{"33":2,"34":2,"48":7,"51":6,"52":6,"55":6,"65":20},"path":"/home/jeevan/vlinder/testing/contracts/Token.sol","s":{"1":7,"2":6,"3":20},"b":{"1":[6,1]},"f":{"1":2,"2":7,"3":20},"fnMap":{"1":{"name":"constructor","line":30,"loc":{"start":{"line":30,"column":4},"end":{"line":35,"column":4}}},"2":{"name":"transfer","line":43,"loc":{"start":{"line":43,"column":4},"end":{"line":56,"column":4}}},"3":{"name":"balanceOf","line":64,"loc":{"start":{"line":64,"column":4},"end":{"line":66,"column":4}}}},"statementMap":{"1":{"start":{"line":48,"column":8},"end":{"line":48,"column":67}},"2":{"start":{"line":55,"column":8},"end":{"line":55,"column":45}},"3":{"start":{"line":65,"column":8},"end":{"line":65,"column":32}}},"branchMap":{"1":{"line":48,"type":"if","locations":[{"start":{"line":48,"column":8},"end":{"line":48,"column":8}},{"start":{"line":48,"column":8},"end":{"line":48,"column":8}}]}}},
"contracts/VotingSystem.sol":{"l":{"23":1,"27":7,"28":6,"39":6,"44":6,"45":6,"49":24,"50":24,"51":1,"53":23,"54":23,"55":1,"57":22,"58":22,"59":22,"63":24,"64":24,"65":154,"66":1,"69":23,"73":28,"77":5,"79":23,"83":4,"84":4,"85":4,"86":4,"87":4,"88":4,"89":1,"92":3,"93":3,"94":3,"95":6,"96":6,"97":6,"98":3,"99":3,"102":3,"104":3,"105":3,"106":3,"116":1,"117":1,"120":1,"121":1,"122":1,"123":2,"124":2,"125":2,"126":1,"127":1,"130":1,"134":1,"141":1},"path":"/home/jeevan/vlinder/testing/contracts/VotingSystem.sol","s":{"1":7,"2":6,"3":6,"4":24,"5":24,"6":23,"7":23,"8":22,"9":22,"10":24,"11":24,"12":154,"13":1,"14":23,"15":28,"16":5,"17":23,"18":4,"19":4,"20":4,"21":4,"22":3,"23":3,"24":3,"25":6,"26":6,"27":6,"28":3,"29":3,"30":3,"31":1,"32":1,"33":1,"34":1,"35":1,"36":2,"37":2,"38":2,"39":1,"40":1,"41":1},"b":{"1":[6,1],"2":[6,1],"3":[1,23],"4":[1,22],"5":[1,153],"6":[5,23],"7":[1,3],"8":[3,3],"9":[0,1],"10":[1,1]},"f":{"1":1,"2":7,"3":6,"4":24,"5":24,"6":28,"7":4,"8":1,"9":1,"10":1},"fnMap":{"1":{"name":"constructor","line":22,"loc":{"start":{"line":22,"column":4},"end":{"line":24,"column":4}}},"2":{"name":"onlyOwner","line":26,"loc":{"start":{"line":26,"column":4},"end":{"line":29,"column":4}}},"3":{"name":"createPoll","line":38,"loc":{"start":{"line":34,"column":4},"end":{"line":46,"column":4}}},"4":{"name":"addVote","line":48,"loc":{"start":{"line":48,"column":4},"end":{"line":60,"column":4}}},"5":{"name":"isVoted","line":62,"loc":{"start":{"line":62,"column":4},"end":{"line":70,"column":4}}},"6":{"name":"isTimePassed","line":72,"loc":{"start":{"line":72,"column":4},"end":{"line":80,"column":4}}},"7":{"name":"getWinner","line":82,"loc":{"start":{"line":82,"column":4},"end":{"line":111,"column":4}}},"8":{"name":"getWinnerWithoutStateChange","line":113,"loc":{"start":{"line":113,"column":4},"end":{"line":131,"column":4}}},"9":{"name":"getNumberOfVoters","line":133,"loc":{"start":{"line":133,"column":4},"end":{"line":135,"column":4}}},"10":{"name":"getNumberOfVotes","line":137,"loc":{"start":{"line":137,"column":4},"end":{"line":142,"column":4}}}},"statementMap":{"1":{"start":{"line":27,"column":8},"end":{"line":27,"column":37}},"2":{"start":{"line":39,"column":8},"end":{"line":39,"column":1015}},"3":{"start":{"line":45,"column":8},"end":{"line":45,"column":28}},"4":{"start":{"line":49,"column":8},"end":{"line":49,"column":46}},"5":{"start":{"line":50,"column":8},"end":{"line":50,"column":1355}},"6":{"start":{"line":53,"column":8},"end":{"line":53,"column":44}},"7":{"start":{"line":54,"column":8},"end":{"line":54,"column":1476}},"8":{"start":{"line":58,"column":8},"end":{"line":58,"column":38}},"9":{"start":{"line":59,"column":8},"end":{"line":59,"column":38}},"10":{"start":{"line":63,"column":8},"end":{"line":63,"column":43}},"11":{"start":{"line":64,"column":8},"end":{"line":64,"column":1799}},"12":{"start":{"line":65,"column":12},"end":{"line":65,"column":1851}},"13":{"start":{"line":66,"column":16},"end":{"line":66,"column":27}},"14":{"start":{"line":69,"column":8},"end":{"line":69,"column":20}},"15":{"start":{"line":73,"column":8},"end":{"line":73,"column":2038}},"16":{"start":{"line":77,"column":12},"end":{"line":77,"column":23}},"17":{"start":{"line":79,"column":8},"end":{"line":79,"column":20}},"18":{"start":{"line":83,"column":8},"end":{"line":83,"column":48}},"19":{"start":{"line":86,"column":8},"end":{"line":86,"column":28}},"20":{"start":{"line":87,"column":8},"end":{"line":87,"column":44}},"21":{"start":{"line":88,"column":8},"end":{"line":88,"column":2479}},"22":{"start":{"line":92,"column":8},"end":{"line":92,"column":23}},"23":{"start":{"line":93,"column":8},"end":{"line":93,"column":53}},"24":{"start":{"line":94,"column":8},"end":{"line":94,"column":2638}},"25":{"start":{"line":95,"column":12},"end":{"line":95,"column":60}},"26":{"start":{"line":96,"column":12},"end":{"line":96,"column":47}},"27":{"start":{"line":97,"column":12},"end":{"line":97,"column":2801}},"28":{"start":{"line":102,"column":8},"end":{"line":102,"column":27}},"29":{"start":{"line":104,"column":8},"end":{"line":104,"column":39}},"30":{"start":{"line":106,"column":8},"end":{"line":106,"column":21}},"31":{"start":{"line":116,"column":8},"end":{"line":116,"column":44}},"32":{"start":{"line":117,"column":8},"end":{"line":117,"column":3331}},"33":{"start":{"line":120,"column":8},"end":{"line":120,"column":23}},"34":{"start":{"line":121,"column":8},"end":{"line":121,"column":53}},"35":{"start":{"line":122,"column":8},"end":{"line":122,"column":3492}},"36":{"start":{"line":123,"column":12},"end":{"line":123,"column":60}},"37":{"start":{"line":124,"column":12},"end":{"line":124,"column":47}},"38":{"start":{"line":125,"column":12},"end":{"line":125,"column":3655}},"39":{"start":{"line":130,"column":8},"end":{"line":130,"column":39}},"40":{"start":{"line":134,"column":8},"end":{"line":134,"column":36}},"41":{"start":{"line":141,"column":8},"end":{"line":141,"column":34}}},"branchMap":{"1":{"line":27,"type":"if","locations":[{"start":{"line":27,"column":8},"end":{"line":27,"column":8}},{"start":{"line":27,"column":8},"end":{"line":27,"column":8}}]},"2":{"line":38,"type":"if","locations":[{"start":{"line":38,"column":13},"end":{"line":38,"column":13}},{"start":{"line":38,"column":13},"end":{"line":38,"column":13}}]},"3":{"line":50,"type":"if","locations":[{"start":{"line":50,"column":8},"end":{"line":50,"column":8}},{"start":{"line":50,"column":8},"end":{"line":50,"column":8}}]},"4":{"line":54,"type":"if","locations":[{"start":{"line":54,"column":8},"end":{"line":54,"column":8}},{"start":{"line":54,"column":8},"end":{"line":54,"column":8}}]},"5":{"line":65,"type":"if","locations":[{"start":{"line":65,"column":12},"end":{"line":65,"column":12}},{"start":{"line":65,"column":12},"end":{"line":65,"column":12}}]},"6":{"line":73,"type":"if","locations":[{"start":{"line":73,"column":8},"end":{"line":73,"column":8}},{"start":{"line":73,"column":8},"end":{"line":73,"column":8}}]},"7":{"line":88,"type":"if","locations":[{"start":{"line":88,"column":8},"end":{"line":88,"column":8}},{"start":{"line":88,"column":8},"end":{"line":88,"column":8}}]},"8":{"line":97,"type":"if","locations":[{"start":{"line":97,"column":12},"end":{"line":97,"column":12}},{"start":{"line":97,"column":12},"end":{"line":97,"column":12}}]},"9":{"line":117,"type":"if","locations":[{"start":{"line":117,"column":8},"end":{"line":117,"column":8}},{"start":{"line":117,"column":8},"end":{"line":117,"column":8}}]},"10":{"line":125,"type":"if","locations":[{"start":{"line":125,"column":12},"end":{"line":125,"column":12}},{"start":{"line":125,"column":12},"end":{"line":125,"column":12}}]}}}}
