TN:
SF:/home/jeevan/vlinder/testing/contracts/Auction.sol
FN:14,onlyAuctioneer
FN:22,onlyBeforeEnd
FN:27,onlyAfterEnd
FN:32,constructor
FN:37,placeBid
FN:60,endAuction
FNF:6
FNH:6
FNDA:4,onlyAuctioneer
FNDA:27,onlyBeforeEnd
FNDA:3,onlyAfterEnd
FNDA:1,constructor
FNDA:26,placeBid
FNDA:2,endAuction
DA:15,4
DA:19,3
DA:23,27
DA:24,26
DA:28,3
DA:29,2
DA:33,1
DA:34,1
DA:38,26
DA:42,25
DA:47,24
DA:50,13
DA:53,24
DA:54,24
DA:55,24
DA:57,24
DA:61,2
DA:62,2
LF:18
LH:18
BRDA:15,1,0,3
BRDA:15,1,1,1
BRDA:23,2,0,26
BRDA:23,2,1,1
BRDA:28,3,0,2
BRDA:28,3,1,1
BRDA:37,4,0,26
BRDA:37,4,1,1
BRDA:38,5,0,25
BRDA:38,5,1,1
BRDA:42,6,0,24
BRDA:42,6,1,1
BRDA:47,7,0,13
BRDA:47,7,1,11
BRDA:60,8,0,3
BRDA:60,8,1,1
BRDA:60,9,0,2
BRDA:60,9,1,1
BRF:18
BRH:18
end_of_record
TN:
SF:/home/jeevan/vlinder/testing/contracts/fundMe.sol
FN:25,constructor
FN:30,onlyOwner
FN:35,
FN:43,fund
FN:49,getLength
FN:53,getFundAmount
FN:65,withdraw
FN:80,cheaper_withdraw
FNF:8
FNH:6
FNDA:1,constructor
FNDA:2,onlyOwner
FNDA:0,
FNDA:6,fund
FNDA:3,getLength
FNDA:1,getFundAmount
FNDA:1,withdraw
FNDA:0,cheaper_withdraw
DA:26,1
DA:27,1
DA:32,2
DA:33,1
DA:44,6
DA:46,5
DA:47,5
DA:50,3
DA:54,1
DA:66,1
DA:67,1
DA:68,1
DA:70,1
DA:77,1
DA:78,1
DA:81,0
DA:82,0
DA:83,0
DA:84,0
DA:87,0
DA:88,0
DA:89,0
LF:22
LH:15
BRDA:32,1,0,1
BRDA:32,1,1,1
BRDA:44,2,0,5
BRDA:44,2,1,1
BRDA:65,3,0,1
BRDA:65,3,1,1
BRDA:78,4,0,1
BRDA:78,4,1,0
BRDA:80,5,0,0
BRDA:80,5,1,0
BRDA:89,6,0,0
BRDA:89,6,1,0
BRF:12
BRH:7
end_of_record
TN:
SF:/home/jeevan/vlinder/testing/contracts/Lock.sol
FN:13,constructor
FN:23,withdraw
FNF:2
FNH:2
FNDA:2,constructor
FNDA:5,withdraw
DA:14,2
DA:19,1
DA:20,1
DA:27,5
DA:28,4
DA:30,3
DA:32,3
LF:7
LH:7
BRDA:14,1,0,1
BRDA:14,1,1,1
BRDA:27,2,0,4
BRDA:27,2,1,1
BRDA:28,3,0,3
BRDA:28,3,1,1
BRF:6
BRH:6
end_of_record
TN:
SF:/home/jeevan/vlinder/testing/contracts/PriceConverter.sol
FN:10,getPrice
FN:26,getConversionRate
FNF:2
FNH:2
FNDA:6,getPrice
FNDA:6,getConversionRate
DA:18,6
DA:20,6
DA:30,6
DA:31,6
DA:35,6
LF:5
LH:5
BRF:0
BRH:0
end_of_record
TN:
SF:/home/jeevan/vlinder/testing/contracts/SimpleStorage.sol
FN:21,store
FN:25,retrieveperson
FN:32,retrievenumber
FN:37,retrieve
FN:41,addPerson
FN:46,getLength
FNF:6
FNH:6
FNDA:1,store
FNDA:1,retrieveperson
FNDA:1,retrievenumber
FNDA:1,retrieve
FNDA:4,addPerson
FNDA:1,getLength
DA:22,1
DA:28,1
DA:29,1
DA:33,1
DA:34,1
DA:38,1
DA:42,4
DA:43,4
DA:47,1
LF:9
LH:9
BRF:0
BRH:0
end_of_record
TN:
SF:/home/jeevan/vlinder/testing/contracts/test/MockV3Aggregator.sol
FNF:0
FNH:0
LF:0
LH:0
BRF:0
BRH:0
end_of_record
TN:
SF:/home/jeevan/vlinder/testing/contracts/Token.sol
FN:30,constructor
FN:43,transfer
FN:64,balanceOf
FNF:3
FNH:3
FNDA:2,constructor
FNDA:7,transfer
FNDA:20,balanceOf
DA:33,2
DA:34,2
DA:48,7
DA:51,6
DA:52,6
DA:55,6
DA:65,20
LF:7
LH:7
BRDA:48,1,0,6
BRDA:48,1,1,1
BRF:2
BRH:2
end_of_record
TN:
SF:/home/jeevan/vlinder/testing/contracts/VotingSystem.sol
FN:22,constructor
FN:26,onlyOwner
FN:38,createPoll
FN:48,addVote
FN:62,isVoted
FN:72,isTimePassed
FN:82,getWinner
FN:113,getWinnerWithoutStateChange
FN:133,getNumberOfVoters
FN:137,getNumberOfVotes
FNF:10
FNH:10
FNDA:1,constructor
FNDA:7,onlyOwner
FNDA:6,createPoll
FNDA:24,addVote
FNDA:24,isVoted
FNDA:28,isTimePassed
FNDA:4,getWinner
FNDA:1,getWinnerWithoutStateChange
FNDA:1,getNumberOfVoters
FNDA:1,getNumberOfVotes
DA:23,1
DA:27,7
DA:28,6
DA:39,6
DA:44,6
DA:45,6
DA:49,24
DA:50,24
DA:51,1
DA:53,23
DA:54,23
DA:55,1
DA:57,22
DA:58,22
DA:59,22
DA:63,24
DA:64,24
DA:65,154
DA:66,1
DA:69,23
DA:73,28
DA:77,5
DA:79,23
DA:83,4
DA:84,4
DA:85,4
DA:86,4
DA:87,4
DA:88,4
DA:89,1
DA:92,3
DA:93,3
DA:94,3
DA:95,6
DA:96,6
DA:97,6
DA:98,3
DA:99,3
DA:102,3
DA:104,3
DA:105,3
DA:106,3
DA:116,1
DA:117,1
DA:120,1
DA:121,1
DA:122,1
DA:123,2
DA:124,2
DA:125,2
DA:126,1
DA:127,1
DA:130,1
DA:134,1
DA:141,1
LF:55
LH:55
BRDA:27,1,0,6
BRDA:27,1,1,1
BRDA:38,2,0,6
BRDA:38,2,1,1
BRDA:50,3,0,1
BRDA:50,3,1,23
BRDA:54,4,0,1
BRDA:54,4,1,22
BRDA:65,5,0,1
BRDA:65,5,1,153
BRDA:73,6,0,5
BRDA:73,6,1,23
BRDA:88,7,0,1
BRDA:88,7,1,3
BRDA:97,8,0,3
BRDA:97,8,1,3
BRDA:117,9,0,0
BRDA:117,9,1,1
BRDA:125,10,0,1
BRDA:125,10,1,1
BRF:20
BRH:19
end_of_record
